# JRE version: OpenJDK Runtime Environment Corretto-17.0.6.10.1 (17.0.6+10) (build 17.0.6+10-LTS)
# Java VM: OpenJDK 64-Bit Server VM Corretto-17.0.6.10.1 (17.0.6+10-LTS, mixed mode, emulated-client, sharing, tiered, compressed oops, compressed class ptrs, g1 gc, windows-amd64)
GC Precious Log:
 CPUs: 2 total, 2 available
 Memory: 10119M
 Large Page Support: Disabled
 NUMA Support: Disabled
 Compressed Oops: Enabled (Zero based)
 Heap Region Size: 2M
 Heap Min Capacity: 8M
 Heap Initial Capacity: 160M
 Heap Max Capacity: 2530M
 Pre-touch: Disabled
 Parallel Workers: 2
 Concurrent Workers: 1
 Concurrent Refinement Workers: 2
 Periodic GC: Disabled
Heap:
 garbage-first heap   total 69632K, used 21930K [0x0000000761e00000, 0x0000000800000000)
  region size 2048K, 3 young (6144K), 2 survivors (4096K)
 Metaspace       used 49483K, committed 49856K, reserved 1097728K
  class space    used 7010K, committed 7232K, reserved 1048576K
GC Heap History (20 events):
Event: 2.112 GC heap before
{Heap before GC invocations=3 (full 0):
 garbage-first heap   total 163840K, used 22439K [0x0000000761e00000, 0x0000000800000000)
  region size 2048K, 8 young (16384K), 1 survivors (2048K)
 Metaspace       used 10038K, committed 10304K, reserved 1064960K
  class space    used 1359K, committed 1472K, reserved 1048576K
}
Event: 2.119 GC heap after
{Heap after GC invocations=4 (full 0):
 garbage-first heap   total 163840K, used 9331K [0x0000000761e00000, 0x0000000800000000)
  region size 2048K, 1 young (2048K), 1 survivors (2048K)
 Metaspace       used 10038K, committed 10304K, reserved 1064960K
  class space    used 1359K, committed 1472K, reserved 1048576K
}
Event: 4.277 GC heap before
{Heap before GC invocations=4 (full 0):
 garbage-first heap   total 163840K, used 83059K [0x0000000761e00000, 0x0000000800000000)
  region size 2048K, 37 young (75776K), 1 survivors (2048K)
 Metaspace       used 21185K, committed 21440K, reserved 1073152K
  class space    used 2861K, committed 3008K, reserved 1048576K
}
Event: 4.289 GC heap after
{Heap after GC invocations=5 (full 0):
 garbage-first heap   total 163840K, used 13311K [0x0000000761e00000, 0x0000000800000000)
  region size 2048K, 3 young (6144K), 3 survivors (6144K)
 Metaspace       used 21185K, committed 21440K, reserved 1073152K
  class space    used 2861K, committed 3008K, reserved 1048576K
}
Event: 4.317 GC heap before
{Heap before GC invocations=5 (full 0):
 garbage-first heap   total 163840K, used 13311K [0x0000000761e00000, 0x0000000800000000)
  region size 2048K, 4 young (8192K), 3 survivors (6144K)
 Metaspace       used 21261K, committed 21504K, reserved 1073152K
  class space    used 2873K, committed 3008K, reserved 1048576K
}
Event: 4.337 GC heap after
{Heap after GC invocations=6 (full 0):
 garbage-first heap   total 163840K, used 13741K [0x0000000761e00000, 0x0000000800000000)
  region size 2048K, 3 young (6144K), 3 survivors (6144K)
 Metaspace       used 21261K, committed 21504K, reserved 1073152K
  class space    used 2873K, committed 3008K, reserved 1048576K
}
Event: 5.166 GC heap before
{Heap before GC invocations=7 (full 0):
 garbage-first heap   total 49152K, used 36269K [0x0000000761e00000, 0x0000000800000000)
  region size 2048K, 14 young (28672K), 3 survivors (6144K)
 Metaspace       used 24612K, committed 24960K, reserved 1073152K
  class space    used 3436K, committed 3584K, reserved 1048576K
}
Event: 5.180 GC heap after
{Heap after GC invocations=8 (full 0):
 garbage-first heap   total 49152K, used 15858K [0x0000000761e00000, 0x0000000800000000)
  region size 2048K, 2 young (4096K), 2 survivors (4096K)
 Metaspace       used 24612K, committed 24960K, reserved 1073152K
  class space    used 3436K, committed 3584K, reserved 1048576K
}
Event: 5.243 GC heap before
{Heap before GC invocations=8 (full 0):
 garbage-first heap   total 49152K, used 17906K [0x0000000761e00000, 0x0000000800000000)
  region size 2048K, 3 young (6144K), 2 survivors (4096K)
 Metaspace       used 24788K, committed 25152K, reserved 1073152K
  class space    used 3465K, committed 3648K, reserved 1048576K
}
Event: 5.252 GC heap after
{Heap after GC invocations=9 (full 0):
 garbage-first heap   total 49152K, used 15985K [0x0000000761e00000, 0x0000000800000000)
  region size 2048K, 1 young (2048K), 1 survivors (2048K)
 Metaspace       used 24788K, committed 25152K, reserved 1073152K
  class space    used 3465K, committed 3648K, reserved 1048576K
}
Event: 5.948 GC heap before
{Heap before GC invocations=9 (full 0):
 garbage-first heap   total 49152K, used 30321K [0x0000000761e00000, 0x0000000800000000)
  region size 2048K, 9 young (18432K), 1 survivors (2048K)
 Metaspace       used 27380K, committed 27776K, reserved 1073152K
  class space    used 3762K, committed 3968K, reserved 1048576K
}
Event: 5.955 GC heap after
{Heap after GC invocations=10 (full 0):
 garbage-first heap   total 69632K, used 17025K [0x0000000761e00000, 0x0000000800000000)
  region size 2048K, 1 young (2048K), 1 survivors (2048K)
 Metaspace       used 27380K, committed 27776K, reserved 1073152K
  class space    used 3762K, committed 3968K, reserved 1048576K
}
Event: 7.529 GC heap before
{Heap before GC invocations=10 (full 0):
 garbage-first heap   total 69632K, used 47745K [0x0000000761e00000, 0x0000000800000000)
  region size 2048K, 17 young (34816K), 1 survivors (2048K)
 Metaspace       used 35024K, committed 35392K, reserved 1081344K
  class space    used 4736K, committed 4928K, reserved 1048576K
}
Event: 7.536 GC heap after
{Heap after GC invocations=11 (full 0):
 garbage-first heap   total 69632K, used 18736K [0x0000000761e00000, 0x0000000800000000)
  region size 2048K, 2 young (4096K), 2 survivors (4096K)
 Metaspace       used 35024K, committed 35392K, reserved 1081344K
  class space    used 4736K, committed 4928K, reserved 1048576K
}
Event: 7.620 GC heap before
{Heap before GC invocations=11 (full 0):
 garbage-first heap   total 69632K, used 20784K [0x0000000761e00000, 0x0000000800000000)
  region size 2048K, 4 young (8192K), 2 survivors (4096K)
 Metaspace       used 35604K, committed 35968K, reserved 1081344K
  class space    used 4797K, committed 4992K, reserved 1048576K
}
Event: 7.626 GC heap after
{Heap after GC invocations=12 (full 0):
 garbage-first heap   total 69632K, used 18993K [0x0000000761e00000, 0x0000000800000000)
  region size 2048K, 2 young (4096K), 2 survivors (4096K)
 Metaspace       used 35604K, committed 35968K, reserved 1081344K
  class space    used 4797K, committed 4992K, reserved 1048576K
}
Event: 9.000 GC heap before
{Heap before GC invocations=13 (full 0):
 garbage-first heap   total 69632K, used 49713K [0x0000000761e00000, 0x0000000800000000)
  region size 2048K, 18 young (36864K), 2 survivors (4096K)
 Metaspace       used 41675K, committed 41984K, reserved 1089536K
  class space    used 5695K, committed 5824K, reserved 1048576K
}
Event: 9.007 GC heap after
{Heap after GC invocations=14 (full 0):
 garbage-first heap   total 69632K, used 20601K [0x0000000761e00000, 0x0000000800000000)
  region size 2048K, 2 young (4096K), 2 survivors (4096K)
 Metaspace       used 41675K, committed 41984K, reserved 1089536K
  class space    used 5695K, committed 5824K, reserved 1048576K
}
Event: 9.985 GC heap before
{Heap before GC invocations=14 (full 0):
 garbage-first heap   total 69632K, used 49273K [0x0000000761e00000, 0x0000000800000000)
  region size 2048K, 17 young (34816K), 2 survivors (4096K)
 Metaspace       used 49336K, committed 49728K, reserved 1097728K
  class space    used 6978K, committed 7168K, reserved 1048576K
}
Event: 9.994 GC heap after
{Heap after GC invocations=15 (full 0):
 garbage-first heap   total 69632K, used 21930K [0x0000000761e00000, 0x0000000800000000)
  region size 2048K, 2 young (4096K), 2 survivors (4096K)
 Metaspace       used 49336K, committed 49728K, reserved 1097728K
  class space    used 6978K, committed 7168K, reserved 1048576K
}

