# JRE version: OpenJDK Runtime Environment Corretto-17.0.6.10.1 (17.0.6+10) (build 17.0.6+10-LTS)
# Java VM: OpenJDK 64-Bit Server VM Corretto-17.0.6.10.1 (17.0.6+10-LTS, mixed mode, emulated-client, sharing, tiered, compressed oops, compressed class ptrs, g1 gc, windows-amd64)
GC Precious Log:
 CPUs: 2 total, 2 available
 Memory: 10119M
 Large Page Support: Disabled
 NUMA Support: Disabled
 Compressed Oops: Enabled (Zero based)
 Heap Region Size: 2M
 Heap Min Capacity: 8M
 Heap Initial Capacity: 160M
 Heap Max Capacity: 2530M
 Pre-touch: Disabled
 Parallel Workers: 2
 Concurrent Workers: 1
 Concurrent Refinement Workers: 2
 Periodic GC: Disabled
Heap:
 garbage-first heap   total 163840K, used 43496K [0x0000000761e00000, 0x0000000800000000)
  region size 2048K, 1 young (2048K), 1 survivors (2048K)
 Metaspace       used 61339K, committed 61760K, reserved 1105920K
  class space    used 8755K, committed 8960K, reserved 1048576K
GC Heap History (20 events):
Event: 18.552 GC heap after
{Heap after GC invocations=17 (full 0):
 garbage-first heap   total 73728K, used 27462K [0x0000000761e00000, 0x0000000800000000)
  region size 2048K, 3 young (6144K), 3 survivors (6144K)
 Metaspace       used 58167K, committed 58496K, reserved 1105920K
  class space    used 8288K, committed 8448K, reserved 1048576K
}
Event: 19.007 GC heap before
{Heap before GC invocations=17 (full 0):
 garbage-first heap   total 73728K, used 54086K [0x0000000761e00000, 0x0000000800000000)
  region size 2048K, 17 young (34816K), 3 survivors (6144K)
 Metaspace       used 59746K, committed 60096K, reserved 1105920K
  class space    used 8473K, committed 8640K, reserved 1048576K
}
Event: 19.020 GC heap after
{Heap after GC invocations=18 (full 0):
 garbage-first heap   total 73728K, used 31967K [0x0000000761e00000, 0x0000000800000000)
  region size 2048K, 3 young (6144K), 3 survivors (6144K)
 Metaspace       used 59746K, committed 60096K, reserved 1105920K
  class space    used 8473K, committed 8640K, reserved 1048576K
}
Event: 19.085 GC heap before
{Heap before GC invocations=18 (full 0):
 garbage-first heap   total 73728K, used 44255K [0x0000000761e00000, 0x0000000800000000)
  region size 2048K, 10 young (20480K), 3 survivors (6144K)
 Metaspace       used 59746K, committed 60096K, reserved 1105920K
  class space    used 8473K, committed 8640K, reserved 1048576K
}
Event: 19.094 GC heap after
{Heap after GC invocations=19 (full 0):
 garbage-first heap   total 73728K, used 34675K [0x0000000761e00000, 0x0000000800000000)
  region size 2048K, 2 young (4096K), 2 survivors (4096K)
 Metaspace       used 59746K, committed 60096K, reserved 1105920K
  class space    used 8473K, committed 8640K, reserved 1048576K
}
Event: 19.298 GC heap before
{Heap before GC invocations=20 (full 0):
 garbage-first heap   total 73728K, used 51059K [0x0000000761e00000, 0x0000000800000000)
  region size 2048K, 11 young (22528K), 2 survivors (4096K)
 Metaspace       used 59777K, committed 60160K, reserved 1105920K
  class space    used 8484K, committed 8640K, reserved 1048576K
}
Event: 19.309 GC heap after
{Heap after GC invocations=21 (full 0):
 garbage-first heap   total 73728K, used 40584K [0x0000000761e00000, 0x0000000800000000)
  region size 2048K, 2 young (4096K), 2 survivors (4096K)
 Metaspace       used 59777K, committed 60160K, reserved 1105920K
  class space    used 8484K, committed 8640K, reserved 1048576K
}
Event: 19.352 GC heap before
{Heap before GC invocations=21 (full 0):
 garbage-first heap   total 73728K, used 50824K [0x0000000761e00000, 0x0000000800000000)
  region size 2048K, 8 young (16384K), 2 survivors (4096K)
 Metaspace       used 59777K, committed 60160K, reserved 1105920K
  class space    used 8484K, committed 8640K, reserved 1048576K
}
Event: 19.359 GC heap after
{Heap after GC invocations=22 (full 0):
 garbage-first heap   total 102400K, used 43416K [0x0000000761e00000, 0x0000000800000000)
  region size 2048K, 1 young (2048K), 1 survivors (2048K)
 Metaspace       used 59777K, committed 60160K, reserved 1105920K
  class space    used 8484K, committed 8640K, reserved 1048576K
}
Event: 19.600 GC heap before
{Heap before GC invocations=23 (full 0):
 garbage-first heap   total 102400K, used 70040K [0x0000000761e00000, 0x0000000800000000)
  region size 2048K, 15 young (30720K), 1 survivors (2048K)
 Metaspace       used 59779K, committed 60160K, reserved 1105920K
  class space    used 8485K, committed 8640K, reserved 1048576K
}
Event: 19.613 GC heap after
{Heap after GC invocations=24 (full 0):
 garbage-first heap   total 102400K, used 51635K [0x0000000761e00000, 0x0000000800000000)
  region size 2048K, 2 young (4096K), 2 survivors (4096K)
 Metaspace       used 59779K, committed 60160K, reserved 1105920K
  class space    used 8485K, committed 8640K, reserved 1048576K
}
Event: 19.620 GC heap before
{Heap before GC invocations=24 (full 0):
 garbage-first heap   total 102400K, used 53683K [0x0000000761e00000, 0x0000000800000000)
  region size 2048K, 3 young (6144K), 2 survivors (4096K)
 Metaspace       used 59779K, committed 60160K, reserved 1105920K
  class space    used 8485K, committed 8640K, reserved 1048576K
}
Event: 19.626 GC heap after
{Heap after GC invocations=25 (full 0):
 garbage-first heap   total 102400K, used 51914K [0x0000000761e00000, 0x0000000800000000)
  region size 2048K, 1 young (2048K), 1 survivors (2048K)
 Metaspace       used 59779K, committed 60160K, reserved 1105920K
  class space    used 8485K, committed 8640K, reserved 1048576K
}
Event: 19.703 GC heap before
{Heap before GC invocations=25 (full 0):
 garbage-first heap   total 102400K, used 72394K [0x0000000761e00000, 0x0000000800000000)
  region size 2048K, 12 young (24576K), 1 survivors (2048K)
 Metaspace       used 59779K, committed 60160K, reserved 1105920K
  class space    used 8485K, committed 8640K, reserved 1048576K
}
Event: 19.712 GC heap after
{Heap after GC invocations=26 (full 0):
 garbage-first heap   total 102400K, used 57314K [0x0000000761e00000, 0x0000000800000000)
  region size 2048K, 2 young (4096K), 2 survivors (4096K)
 Metaspace       used 59779K, committed 60160K, reserved 1105920K
  class space    used 8485K, committed 8640K, reserved 1048576K
}
Event: 20.655 GC heap before
{Heap before GC invocations=27 (full 0):
 garbage-first heap   total 102400K, used 73698K [0x0000000761e00000, 0x0000000800000000)
  region size 2048K, 11 young (22528K), 2 survivors (4096K)
 Metaspace       used 61158K, committed 61568K, reserved 1105920K
  class space    used 8722K, committed 8960K, reserved 1048576K
}
Event: 20.667 GC heap after
{Heap after GC invocations=28 (full 0):
 garbage-first heap   total 102400K, used 58338K [0x0000000761e00000, 0x0000000800000000)
  region size 2048K, 2 young (4096K), 2 survivors (4096K)
 Metaspace       used 61158K, committed 61568K, reserved 1105920K
  class space    used 8722K, committed 8960K, reserved 1048576K
}
Event: 20.726 GC heap before
{Heap before GC invocations=28 (full 0):
 garbage-first heap   total 102400K, used 60386K [0x0000000761e00000, 0x0000000800000000)
  region size 2048K, 3 young (6144K), 2 survivors (4096K)
 Metaspace       used 61261K, committed 61696K, reserved 1105920K
  class space    used 8741K, committed 8960K, reserved 1048576K
}
Event: 20.733 GC heap after
{Heap after GC invocations=29 (full 0):
 garbage-first heap   total 102400K, used 48783K [0x0000000761e00000, 0x0000000800000000)
  region size 2048K, 1 young (2048K), 1 survivors (2048K)
 Metaspace       used 61261K, committed 61696K, reserved 1105920K
  class space    used 8741K, committed 8960K, reserved 1048576K
}
Event: 20.874 GC heap before
{Heap before GC invocations=29 (full 0):
 garbage-first heap   total 102400K, used 50831K [0x0000000761e00000, 0x0000000800000000)
  region size 2048K, 2 young (4096K), 1 survivors (2048K)
 Metaspace       used 61339K, committed 61760K, reserved 1105920K
  class space    used 8755K, committed 8960K, reserved 1048576K
}

