# JRE version: OpenJDK Runtime Environment Corretto-17.0.6.10.1 (17.0.6+10) (build 17.0.6+10-LTS)
# Java VM: OpenJDK 64-Bit Server VM Corretto-17.0.6.10.1 (17.0.6+10-LTS, mixed mode, emulated-client, sharing, tiered, compressed oops, compressed class ptrs, g1 gc, windows-amd64)
GC Precious Log:
 CPUs: 2 total, 2 available
 Memory: 10119M
 Large Page Support: Disabled
 NUMA Support: Disabled
 Compressed Oops: Enabled (Zero based)
 Heap Region Size: 2M
 Heap Min Capacity: 8M
 Heap Initial Capacity: 160M
 Heap Max Capacity: 2530M
 Pre-touch: Disabled
 Parallel Workers: 2
 Concurrent Workers: 1
 Concurrent Refinement Workers: 2
 Periodic GC: Disabled
Heap:
 garbage-first heap   total 61440K, used 40427K [0x0000000761e00000, 0x0000000800000000)
  region size 2048K, 13 young (26624K), 2 survivors (4096K)
 Metaspace       used 46101K, committed 46464K, reserved 1089536K
  class space    used 6461K, committed 6656K, reserved 1048576K
GC Heap History (20 events):
Event: 2.100 GC heap before
{Heap before GC invocations=1 (full 0):
 garbage-first heap   total 163840K, used 11771K [0x0000000761e00000, 0x0000000800000000)
  region size 2048K, 4 young (8192K), 1 survivors (2048K)
 Metaspace       used 5378K, committed 5632K, reserved 1056768K
  class space    used 641K, committed 768K, reserved 1048576K
}
Event: 2.105 GC heap after
{Heap after GC invocations=2 (full 0):
 garbage-first heap   total 163840K, used 7101K [0x0000000761e00000, 0x0000000800000000)
  region size 2048K, 1 young (2048K), 1 survivors (2048K)
 Metaspace       used 5378K, committed 5632K, reserved 1056768K
  class space    used 641K, committed 768K, reserved 1048576K
}
Event: 3.061 GC heap before
{Heap before GC invocations=2 (full 0):
 garbage-first heap   total 163840K, used 13245K [0x0000000761e00000, 0x0000000800000000)
  region size 2048K, 4 young (8192K), 1 survivors (2048K)
 Metaspace       used 6698K, committed 6912K, reserved 1056768K
  class space    used 818K, committed 896K, reserved 1048576K
}
Event: 3.066 GC heap after
{Heap after GC invocations=3 (full 0):
 garbage-first heap   total 163840K, used 7910K [0x0000000761e00000, 0x0000000800000000)
  region size 2048K, 1 young (2048K), 1 survivors (2048K)
 Metaspace       used 6698K, committed 6912K, reserved 1056768K
  class space    used 818K, committed 896K, reserved 1048576K
}
Event: 4.336 GC heap before
{Heap before GC invocations=3 (full 0):
 garbage-first heap   total 163840K, used 22246K [0x0000000761e00000, 0x0000000800000000)
  region size 2048K, 8 young (16384K), 1 survivors (2048K)
 Metaspace       used 9727K, committed 10048K, reserved 1064960K
  class space    used 1339K, committed 1472K, reserved 1048576K
}
Event: 4.342 GC heap after
{Heap after GC invocations=4 (full 0):
 garbage-first heap   total 163840K, used 9067K [0x0000000761e00000, 0x0000000800000000)
  region size 2048K, 1 young (2048K), 1 survivors (2048K)
 Metaspace       used 9727K, committed 10048K, reserved 1064960K
  class space    used 1339K, committed 1472K, reserved 1048576K
}
Event: 8.800 GC heap before
{Heap before GC invocations=4 (full 0):
 garbage-first heap   total 163840K, used 80747K [0x0000000761e00000, 0x0000000800000000)
  region size 2048K, 36 young (73728K), 1 survivors (2048K)
 Metaspace       used 20617K, committed 20864K, reserved 1073152K
  class space    used 2777K, committed 2880K, reserved 1048576K
}
Event: 8.814 GC heap after
{Heap after GC invocations=5 (full 0):
 garbage-first heap   total 163840K, used 13195K [0x0000000761e00000, 0x0000000800000000)
  region size 2048K, 3 young (6144K), 3 survivors (6144K)
 Metaspace       used 20617K, committed 20864K, reserved 1073152K
  class space    used 2777K, committed 2880K, reserved 1048576K
}
Event: 9.085 GC heap before
{Heap before GC invocations=5 (full 0):
 garbage-first heap   total 163840K, used 17291K [0x0000000761e00000, 0x0000000800000000)
  region size 2048K, 6 young (12288K), 3 survivors (6144K)
 Metaspace       used 21243K, committed 21504K, reserved 1073152K
  class space    used 2884K, committed 3008K, reserved 1048576K
}
Event: 9.097 GC heap after
{Heap after GC invocations=6 (full 0):
 garbage-first heap   total 163840K, used 13672K [0x0000000761e00000, 0x0000000800000000)
  region size 2048K, 4 young (8192K), 4 survivors (8192K)
 Metaspace       used 21243K, committed 21504K, reserved 1073152K
  class space    used 2884K, committed 3008K, reserved 1048576K
}
Event: 10.548 GC heap before
{Heap before GC invocations=7 (full 0):
 garbage-first heap   total 61440K, used 42344K [0x0000000761e00000, 0x0000000800000000)
  region size 2048K, 18 young (36864K), 4 survivors (8192K)
 Metaspace       used 26032K, committed 26304K, reserved 1073152K
  class space    used 3565K, committed 3712K, reserved 1048576K
}
Event: 10.567 GC heap after
{Heap after GC invocations=8 (full 0):
 garbage-first heap   total 61440K, used 16709K [0x0000000761e00000, 0x0000000800000000)
  region size 2048K, 2 young (4096K), 2 survivors (4096K)
 Metaspace       used 26032K, committed 26304K, reserved 1073152K
  class space    used 3565K, committed 3712K, reserved 1048576K
}
Event: 10.628 GC heap before
{Heap before GC invocations=8 (full 0):
 garbage-first heap   total 61440K, used 18757K [0x0000000761e00000, 0x0000000800000000)
  region size 2048K, 3 young (6144K), 2 survivors (4096K)
 Metaspace       used 26118K, committed 26432K, reserved 1073152K
  class space    used 3572K, committed 3712K, reserved 1048576K
}
Event: 10.637 GC heap after
{Heap after GC invocations=9 (full 0):
 garbage-first heap   total 61440K, used 16699K [0x0000000761e00000, 0x0000000800000000)
  region size 2048K, 1 young (2048K), 1 survivors (2048K)
 Metaspace       used 26118K, committed 26432K, reserved 1073152K
  class space    used 3572K, committed 3712K, reserved 1048576K
}
Event: 11.778 GC heap before
{Heap before GC invocations=9 (full 0):
 garbage-first heap   total 61440K, used 41275K [0x0000000761e00000, 0x0000000800000000)
  region size 2048K, 14 young (28672K), 1 survivors (2048K)
 Metaspace       used 31772K, committed 32128K, reserved 1081344K
  class space    used 4316K, committed 4480K, reserved 1048576K
}
Event: 11.785 GC heap after
{Heap after GC invocations=10 (full 0):
 garbage-first heap   total 61440K, used 17574K [0x0000000761e00000, 0x0000000800000000)
  region size 2048K, 1 young (2048K), 1 survivors (2048K)
 Metaspace       used 31772K, committed 32128K, reserved 1081344K
  class space    used 4316K, committed 4480K, reserved 1048576K
}
Event: 12.664 GC heap before
{Heap before GC invocations=10 (full 0):
 garbage-first heap   total 61440K, used 33958K [0x0000000761e00000, 0x0000000800000000)
  region size 2048K, 10 young (20480K), 1 survivors (2048K)
 Metaspace       used 35722K, committed 35968K, reserved 1081344K
  class space    used 4813K, committed 4928K, reserved 1048576K
}
Event: 12.676 GC heap after
{Heap after GC invocations=11 (full 0):
 garbage-first heap   total 61440K, used 18514K [0x0000000761e00000, 0x0000000800000000)
  region size 2048K, 2 young (4096K), 2 survivors (4096K)
 Metaspace       used 35722K, committed 35968K, reserved 1081344K
  class space    used 4813K, committed 4928K, reserved 1048576K
}
Event: 14.336 GC heap before
{Heap before GC invocations=12 (full 0):
 garbage-first heap   total 61440K, used 45138K [0x0000000761e00000, 0x0000000800000000)
  region size 2048K, 15 young (30720K), 2 survivors (4096K)
 Metaspace       used 40628K, committed 40896K, reserved 1089536K
  class space    used 5530K, committed 5632K, reserved 1048576K
}
Event: 14.343 GC heap after
{Heap after GC invocations=13 (full 0):
 garbage-first heap   total 61440K, used 19947K [0x0000000761e00000, 0x0000000800000000)
  region size 2048K, 2 young (4096K), 2 survivors (4096K)
 Metaspace       used 40628K, committed 40896K, reserved 1089536K
  class space    used 5530K, committed 5632K, reserved 1048576K
}

